[0.186s] Invoking command in '/home/mateusz/dev_ws/src/kobylecki_palczuk/paka': PYTHONPATH=/home/mateusz/dev_ws/src/kobylecki_palczuk/install/paka/lib/python3.8/site-packages:${PYTHONPATH} /usr/bin/python3 setup.py egg_info --egg-base ../build/paka build --build-base /home/mateusz/dev_ws/src/kobylecki_palczuk/build/paka/build install --prefix /home/mateusz/dev_ws/src/kobylecki_palczuk/install/paka --record /home/mateusz/dev_ws/src/kobylecki_palczuk/build/paka/install.log --single-version-externally-managed
[0.333s] running egg_info
[0.333s] writing ../build/paka/paka.egg-info/PKG-INFO
[0.333s] writing dependency_links to ../build/paka/paka.egg-info/dependency_links.txt
[0.334s] writing entry points to ../build/paka/paka.egg-info/entry_points.txt
[0.334s] writing requirements to ../build/paka/paka.egg-info/requires.txt
[0.334s] writing top-level names to ../build/paka/paka.egg-info/top_level.txt
[0.362s] reading manifest file '../build/paka/paka.egg-info/SOURCES.txt'
[0.363s] writing manifest file '../build/paka/paka.egg-info/SOURCES.txt'
[0.363s] running build
[0.363s] running build_py
[0.363s] copying paka/wezel1.py -> /home/mateusz/dev_ws/src/kobylecki_palczuk/build/paka/build/lib/paka
[0.363s] running install
[0.364s] running install_lib
[0.364s] copying /home/mateusz/dev_ws/src/kobylecki_palczuk/build/paka/build/lib/paka/wezel1.py -> /home/mateusz/dev_ws/src/kobylecki_palczuk/install/paka/lib/python3.8/site-packages/paka
[0.365s] byte-compiling /home/mateusz/dev_ws/src/kobylecki_palczuk/install/paka/lib/python3.8/site-packages/paka/wezel1.py to wezel1.cpython-38.pyc
[0.366s] running install_data
[0.366s] running install_egg_info
[0.367s] removing '/home/mateusz/dev_ws/src/kobylecki_palczuk/install/paka/lib/python3.8/site-packages/paka-0.0.0-py3.8.egg-info' (and everything under it)
[0.367s] Copying ../build/paka/paka.egg-info to /home/mateusz/dev_ws/src/kobylecki_palczuk/install/paka/lib/python3.8/site-packages/paka-0.0.0-py3.8.egg-info
[0.368s] running install_scripts
[0.380s] Installing wezel1 script to /home/mateusz/dev_ws/src/kobylecki_palczuk/install/paka/lib/paka
[0.381s] writing list of installed files to '/home/mateusz/dev_ws/src/kobylecki_palczuk/build/paka/install.log'
[0.395s] Invoked command in '/home/mateusz/dev_ws/src/kobylecki_palczuk/paka' returned '0': PYTHONPATH=/home/mateusz/dev_ws/src/kobylecki_palczuk/install/paka/lib/python3.8/site-packages:${PYTHONPATH} /usr/bin/python3 setup.py egg_info --egg-base ../build/paka build --build-base /home/mateusz/dev_ws/src/kobylecki_palczuk/build/paka/build install --prefix /home/mateusz/dev_ws/src/kobylecki_palczuk/install/paka --record /home/mateusz/dev_ws/src/kobylecki_palczuk/build/paka/install.log --single-version-externally-managed
