[0.166s] Invoking command in '/home/mateusz/dev_ws/src/kobylecki_palczuk/paka': PYTHONPATH=/home/mateusz/dev_ws/src/kobylecki_palczuk/install/paka/lib/python3.8/site-packages:${PYTHONPATH} /usr/bin/python3 setup.py egg_info --egg-base ../build/paka build --build-base /home/mateusz/dev_ws/src/kobylecki_palczuk/build/paka/build install --prefix /home/mateusz/dev_ws/src/kobylecki_palczuk/install/paka --record /home/mateusz/dev_ws/src/kobylecki_palczuk/build/paka/install.log --single-version-externally-managed
[0.307s] running egg_info
[0.308s] creating ../build/paka/paka.egg-info
[0.308s] writing ../build/paka/paka.egg-info/PKG-INFO
[0.308s] writing dependency_links to ../build/paka/paka.egg-info/dependency_links.txt
[0.308s] writing entry points to ../build/paka/paka.egg-info/entry_points.txt
[0.308s] writing requirements to ../build/paka/paka.egg-info/requires.txt
[0.308s] writing top-level names to ../build/paka/paka.egg-info/top_level.txt
[0.310s] writing manifest file '../build/paka/paka.egg-info/SOURCES.txt'
[0.340s] reading manifest file '../build/paka/paka.egg-info/SOURCES.txt'
[0.340s] writing manifest file '../build/paka/paka.egg-info/SOURCES.txt'
[0.341s] running build
[0.341s] running build_py
[0.341s] creating /home/mateusz/dev_ws/src/kobylecki_palczuk/build/paka/build
[0.341s] creating /home/mateusz/dev_ws/src/kobylecki_palczuk/build/paka/build/lib
[0.341s] creating /home/mateusz/dev_ws/src/kobylecki_palczuk/build/paka/build/lib/paka
[0.341s] copying paka/wezel1_stary.py -> /home/mateusz/dev_ws/src/kobylecki_palczuk/build/paka/build/lib/paka
[0.341s] copying paka/__init__.py -> /home/mateusz/dev_ws/src/kobylecki_palczuk/build/paka/build/lib/paka
[0.341s] copying paka/wezel1.py -> /home/mateusz/dev_ws/src/kobylecki_palczuk/build/paka/build/lib/paka
[0.341s] running install
[0.341s] running install_lib
[0.342s] creating /home/mateusz/dev_ws/src/kobylecki_palczuk/install/paka/lib/python3.8/site-packages/paka
[0.342s] copying /home/mateusz/dev_ws/src/kobylecki_palczuk/build/paka/build/lib/paka/wezel1_stary.py -> /home/mateusz/dev_ws/src/kobylecki_palczuk/install/paka/lib/python3.8/site-packages/paka
[0.343s] copying /home/mateusz/dev_ws/src/kobylecki_palczuk/build/paka/build/lib/paka/__init__.py -> /home/mateusz/dev_ws/src/kobylecki_palczuk/install/paka/lib/python3.8/site-packages/paka
[0.343s] copying /home/mateusz/dev_ws/src/kobylecki_palczuk/build/paka/build/lib/paka/wezel1.py -> /home/mateusz/dev_ws/src/kobylecki_palczuk/install/paka/lib/python3.8/site-packages/paka
[0.343s] byte-compiling /home/mateusz/dev_ws/src/kobylecki_palczuk/install/paka/lib/python3.8/site-packages/paka/wezel1_stary.py to wezel1_stary.cpython-38.pyc
[0.344s] byte-compiling /home/mateusz/dev_ws/src/kobylecki_palczuk/install/paka/lib/python3.8/site-packages/paka/__init__.py to __init__.cpython-38.pyc
[0.344s] byte-compiling /home/mateusz/dev_ws/src/kobylecki_palczuk/install/paka/lib/python3.8/site-packages/paka/wezel1.py to wezel1.cpython-38.pyc
[0.344s] running install_data
[0.345s] creating /home/mateusz/dev_ws/src/kobylecki_palczuk/install/paka/share/ament_index
[0.345s] creating /home/mateusz/dev_ws/src/kobylecki_palczuk/install/paka/share/ament_index/resource_index
[0.345s] creating /home/mateusz/dev_ws/src/kobylecki_palczuk/install/paka/share/ament_index/resource_index/packages
[0.345s] copying resource/paka -> /home/mateusz/dev_ws/src/kobylecki_palczuk/install/paka/share/ament_index/resource_index/packages
[0.345s] copying package.xml -> /home/mateusz/dev_ws/src/kobylecki_palczuk/install/paka/share/paka
[0.345s] running install_egg_info
[0.346s] Copying ../build/paka/paka.egg-info to /home/mateusz/dev_ws/src/kobylecki_palczuk/install/paka/lib/python3.8/site-packages/paka-0.0.0-py3.8.egg-info
[0.347s] running install_scripts
[0.361s] Installing wezel1 script to /home/mateusz/dev_ws/src/kobylecki_palczuk/install/paka/lib/paka
[0.362s] writing list of installed files to '/home/mateusz/dev_ws/src/kobylecki_palczuk/build/paka/install.log'
[0.377s] Invoked command in '/home/mateusz/dev_ws/src/kobylecki_palczuk/paka' returned '0': PYTHONPATH=/home/mateusz/dev_ws/src/kobylecki_palczuk/install/paka/lib/python3.8/site-packages:${PYTHONPATH} /usr/bin/python3 setup.py egg_info --egg-base ../build/paka build --build-base /home/mateusz/dev_ws/src/kobylecki_palczuk/build/paka/build install --prefix /home/mateusz/dev_ws/src/kobylecki_palczuk/install/paka --record /home/mateusz/dev_ws/src/kobylecki_palczuk/build/paka/install.log --single-version-externally-managed
