[0.153s] DEBUG:colcon:Command line arguments: ['/usr/bin/colcon', 'build']
[0.153s] DEBUG:colcon:Parsed command line arguments: Namespace(ament_cmake_args=None, base_paths=['.'], build_base='build', catkin_cmake_args=None, catkin_skip_building_tests=False, cmake_args=None, cmake_clean_cache=False, cmake_clean_first=False, cmake_force_configure=False, cmake_target=None, cmake_target_skip_unavailable=False, continue_on_error=False, event_handlers=None, executor='parallel', ignore_user_meta=False, install_base='install', log_base=None, log_level=None, main=<bound method BuildVerb.main of <colcon_core.verb.build.BuildVerb object at 0x7f5cb1a79e50>>, merge_install=False, metas=['./colcon.meta'], packages_above=None, packages_above_and_dependencies=None, packages_above_depth=None, packages_end=None, packages_ignore=None, packages_ignore_regex=None, packages_select=None, packages_select_build_failed=False, packages_select_by_dep=None, packages_select_regex=None, packages_select_test_failures=False, packages_skip=None, packages_skip_build_finished=False, packages_skip_by_dep=None, packages_skip_regex=None, packages_skip_test_passed=False, packages_skip_up_to=None, packages_start=None, packages_up_to=None, packages_up_to_regex=None, parallel_workers=6, paths=None, symlink_install=False, test_result_base=None, verb_extension=<colcon_core.verb.build.BuildVerb object at 0x7f5cb1a79e50>, verb_name='build', verb_parser=<colcon_defaults.argument_parser.defaults.DefaultArgumentsDecorator object at 0x7f5cb1a88400>)
[0.159s] Level 1:colcon.colcon_core.package_discovery:discover_packages(colcon_meta) check parameters
[0.159s] Level 1:colcon.colcon_core.package_discovery:discover_packages(recursive) check parameters
[0.159s] Level 1:colcon.colcon_core.package_discovery:discover_packages(ignore) check parameters
[0.159s] Level 1:colcon.colcon_core.package_discovery:discover_packages(path) check parameters
[0.159s] Level 1:colcon.colcon_core.package_discovery:discover_packages(colcon_meta) discover
[0.159s] Level 1:colcon.colcon_core.package_discovery:discover_packages(recursive) discover
[0.159s] INFO:colcon.colcon_core.package_discovery:Crawling recursively for packages in '/home/mateusz/dev_ws/src/kobylecki_palczuk'
[0.160s] Level 1:colcon.colcon_core.package_identification:_identify(.) by extensions ['ignore', 'ignore_ament_install']
[0.160s] Level 1:colcon.colcon_core.package_identification:_identify(.) by extension 'ignore'
[0.160s] Level 1:colcon.colcon_core.package_identification:_identify(.) by extension 'ignore_ament_install'
[0.160s] Level 1:colcon.colcon_core.package_identification:_identify(.) by extensions ['colcon_pkg']
[0.160s] Level 1:colcon.colcon_core.package_identification:_identify(.) by extension 'colcon_pkg'
[0.160s] Level 1:colcon.colcon_core.package_identification:_identify(.) by extensions ['colcon_meta']
[0.160s] Level 1:colcon.colcon_core.package_identification:_identify(.) by extension 'colcon_meta'
[0.160s] Level 1:colcon.colcon_core.package_identification:_identify(.) by extensions ['ros']
[0.160s] Level 1:colcon.colcon_core.package_identification:_identify(.) by extension 'ros'
[0.168s] Level 1:colcon.colcon_core.package_identification:_identify(.) by extensions ['cmake', 'python']
[0.168s] Level 1:colcon.colcon_core.package_identification:_identify(.) by extension 'cmake'
[0.168s] Level 1:colcon.colcon_core.package_identification:_identify(.) by extension 'python'
[0.168s] Level 1:colcon.colcon_core.package_identification:_identify(.) by extensions ['python_setup_py']
[0.168s] Level 1:colcon.colcon_core.package_identification:_identify(.) by extension 'python_setup_py'
[0.168s] Level 1:colcon.colcon_core.package_identification:_identify(build) by extensions ['ignore', 'ignore_ament_install']
[0.168s] Level 1:colcon.colcon_core.package_identification:_identify(build) by extension 'ignore'
[0.168s] Level 1:colcon.colcon_core.package_identification:_identify(build) ignored
[0.168s] Level 1:colcon.colcon_core.package_identification:_identify(install) by extensions ['ignore', 'ignore_ament_install']
[0.169s] Level 1:colcon.colcon_core.package_identification:_identify(install) by extension 'ignore'
[0.169s] Level 1:colcon.colcon_core.package_identification:_identify(install) ignored
[0.169s] Level 1:colcon.colcon_core.package_identification:_identify(log) by extensions ['ignore', 'ignore_ament_install']
[0.169s] Level 1:colcon.colcon_core.package_identification:_identify(log) by extension 'ignore'
[0.169s] Level 1:colcon.colcon_core.package_identification:_identify(log) ignored
[0.169s] Level 1:colcon.colcon_core.package_identification:_identify(paka) by extensions ['ignore', 'ignore_ament_install']
[0.169s] Level 1:colcon.colcon_core.package_identification:_identify(paka) by extension 'ignore'
[0.169s] Level 1:colcon.colcon_core.package_identification:_identify(paka) by extension 'ignore_ament_install'
[0.169s] Level 1:colcon.colcon_core.package_identification:_identify(paka) by extensions ['colcon_pkg']
[0.169s] Level 1:colcon.colcon_core.package_identification:_identify(paka) by extension 'colcon_pkg'
[0.169s] Level 1:colcon.colcon_core.package_identification:_identify(paka) by extensions ['colcon_meta']
[0.169s] Level 1:colcon.colcon_core.package_identification:_identify(paka) by extension 'colcon_meta'
[0.169s] Level 1:colcon.colcon_core.package_identification:_identify(paka) by extensions ['ros']
[0.169s] Level 1:colcon.colcon_core.package_identification:_identify(paka) by extension 'ros'
[0.171s] DEBUG:colcon.colcon_core.package_identification:Package 'paka' with type 'ros.ament_python' and name 'paka'
[0.171s] Level 1:colcon.colcon_core.package_discovery:discover_packages(recursive) using defaults
[0.171s] Level 1:colcon.colcon_core.package_discovery:discover_packages(ignore) discover
[0.171s] Level 1:colcon.colcon_core.package_discovery:discover_packages(ignore) using defaults
[0.171s] Level 1:colcon.colcon_core.package_discovery:discover_packages(path) discover
[0.171s] Level 1:colcon.colcon_core.package_discovery:discover_packages(path) using defaults
[0.189s] Level 5:colcon.colcon_core.verb:set package 'paka' build argument 'cmake_args' from command line to 'None'
[0.189s] Level 5:colcon.colcon_core.verb:set package 'paka' build argument 'cmake_target' from command line to 'None'
[0.189s] Level 5:colcon.colcon_core.verb:set package 'paka' build argument 'cmake_target_skip_unavailable' from command line to 'False'
[0.189s] Level 5:colcon.colcon_core.verb:set package 'paka' build argument 'cmake_clean_cache' from command line to 'False'
[0.189s] Level 5:colcon.colcon_core.verb:set package 'paka' build argument 'cmake_clean_first' from command line to 'False'
[0.189s] Level 5:colcon.colcon_core.verb:set package 'paka' build argument 'cmake_force_configure' from command line to 'False'
[0.189s] Level 5:colcon.colcon_core.verb:set package 'paka' build argument 'ament_cmake_args' from command line to 'None'
[0.189s] Level 5:colcon.colcon_core.verb:set package 'paka' build argument 'catkin_cmake_args' from command line to 'None'
[0.189s] Level 5:colcon.colcon_core.verb:set package 'paka' build argument 'catkin_skip_building_tests' from command line to 'False'
[0.189s] DEBUG:colcon.colcon_core.verb:Building package 'paka' with the following arguments: {'ament_cmake_args': None, 'build_base': '/home/mateusz/dev_ws/src/kobylecki_palczuk/build/paka', 'catkin_cmake_args': None, 'catkin_skip_building_tests': False, 'cmake_args': None, 'cmake_clean_cache': False, 'cmake_clean_first': False, 'cmake_force_configure': False, 'cmake_target': None, 'cmake_target_skip_unavailable': False, 'install_base': '/home/mateusz/dev_ws/src/kobylecki_palczuk/install/paka', 'merge_install': False, 'path': '/home/mateusz/dev_ws/src/kobylecki_palczuk/paka', 'symlink_install': False, 'test_result_base': None}
[0.189s] INFO:colcon.colcon_core.executor:Executing jobs using 'parallel' executor
[0.191s] DEBUG:colcon.colcon_parallel_executor.executor.parallel:run_until_complete
[0.191s] INFO:colcon.colcon_ros.task.ament_python.build:Building ROS package in '/home/mateusz/dev_ws/src/kobylecki_palczuk/paka' with build type 'ament_python'
[0.191s] Level 1:colcon.colcon_core.shell:create_environment_hook('paka', 'ament_prefix_path')
[0.195s] INFO:colcon.colcon_core.plugin_system:Skipping extension 'colcon_core.shell.bat': Not used on non-Windows systems
[0.195s] INFO:colcon.colcon_core.shell:Creating environment hook '/home/mateusz/dev_ws/src/kobylecki_palczuk/install/paka/share/paka/hook/ament_prefix_path.ps1'
[0.196s] INFO:colcon.colcon_core.shell:Creating environment descriptor '/home/mateusz/dev_ws/src/kobylecki_palczuk/install/paka/share/paka/hook/ament_prefix_path.dsv'
[0.197s] INFO:colcon.colcon_core.shell:Creating environment hook '/home/mateusz/dev_ws/src/kobylecki_palczuk/install/paka/share/paka/hook/ament_prefix_path.sh'
[0.198s] INFO:colcon.colcon_core.shell:Skip shell extension 'powershell' for command environment: Not usable outside of PowerShell
[0.198s] DEBUG:colcon.colcon_core.shell:Skip shell extension 'dsv' for command environment
[0.200s] DEBUG:colcon.colcon_core.shell:Ignoring prefix path '/opt/ros/foxy'
[0.350s] INFO:colcon.colcon_core.task.python.build:Building Python package in '/home/mateusz/dev_ws/src/kobylecki_palczuk/paka'
[0.350s] INFO:colcon.colcon_core.shell:Skip shell extension 'powershell' for command environment: Not usable outside of PowerShell
[0.351s] DEBUG:colcon.colcon_core.shell:Skip shell extension 'dsv' for command environment
[0.352s] DEBUG:colcon.colcon_core.shell:Ignoring prefix path '/opt/ros/foxy'
[0.357s] DEBUG:colcon.colcon_core.event_handler.log_command:Invoking command in '/home/mateusz/dev_ws/src/kobylecki_palczuk/paka': PYTHONPATH=/home/mateusz/dev_ws/src/kobylecki_palczuk/install/paka/lib/python3.8/site-packages:${PYTHONPATH} /usr/bin/python3 setup.py egg_info --egg-base ../build/paka build --build-base /home/mateusz/dev_ws/src/kobylecki_palczuk/build/paka/build install --prefix /home/mateusz/dev_ws/src/kobylecki_palczuk/install/paka --record /home/mateusz/dev_ws/src/kobylecki_palczuk/build/paka/install.log --single-version-externally-managed
[0.569s] DEBUG:colcon.colcon_core.event_handler.log_command:Invoked command in '/home/mateusz/dev_ws/src/kobylecki_palczuk/paka' returned '0': PYTHONPATH=/home/mateusz/dev_ws/src/kobylecki_palczuk/install/paka/lib/python3.8/site-packages:${PYTHONPATH} /usr/bin/python3 setup.py egg_info --egg-base ../build/paka build --build-base /home/mateusz/dev_ws/src/kobylecki_palczuk/build/paka/build install --prefix /home/mateusz/dev_ws/src/kobylecki_palczuk/install/paka --record /home/mateusz/dev_ws/src/kobylecki_palczuk/build/paka/install.log --single-version-externally-managed
[0.573s] Level 1:colcon.colcon_core.environment:checking '/home/mateusz/dev_ws/src/kobylecki_palczuk/install/paka' for CMake module files
[0.573s] Level 1:colcon.colcon_core.environment:checking '/home/mateusz/dev_ws/src/kobylecki_palczuk/install/paka' for CMake config files
[0.573s] Level 1:colcon.colcon_core.environment:checking '/home/mateusz/dev_ws/src/kobylecki_palczuk/install/paka/lib'
[0.574s] Level 1:colcon.colcon_core.environment:checking '/home/mateusz/dev_ws/src/kobylecki_palczuk/install/paka/bin'
[0.574s] Level 1:colcon.colcon_core.environment:checking '/home/mateusz/dev_ws/src/kobylecki_palczuk/install/paka/lib/pkgconfig/paka.pc'
[0.574s] Level 1:colcon.colcon_core.environment:checking '/home/mateusz/dev_ws/src/kobylecki_palczuk/install/paka/lib/python3.8/site-packages'
[0.574s] Level 1:colcon.colcon_core.shell:create_environment_hook('paka', 'pythonpath')
[0.574s] INFO:colcon.colcon_core.shell:Creating environment hook '/home/mateusz/dev_ws/src/kobylecki_palczuk/install/paka/share/paka/hook/pythonpath.ps1'
[0.574s] INFO:colcon.colcon_core.shell:Creating environment descriptor '/home/mateusz/dev_ws/src/kobylecki_palczuk/install/paka/share/paka/hook/pythonpath.dsv'
[0.575s] INFO:colcon.colcon_core.shell:Creating environment hook '/home/mateusz/dev_ws/src/kobylecki_palczuk/install/paka/share/paka/hook/pythonpath.sh'
[0.575s] Level 1:colcon.colcon_core.environment:create_environment_scripts_only(paka)
[0.575s] INFO:colcon.colcon_core.shell:Creating package script '/home/mateusz/dev_ws/src/kobylecki_palczuk/install/paka/share/paka/package.ps1'
[0.576s] INFO:colcon.colcon_core.shell:Creating package descriptor '/home/mateusz/dev_ws/src/kobylecki_palczuk/install/paka/share/paka/package.dsv'
[0.577s] INFO:colcon.colcon_core.shell:Creating package script '/home/mateusz/dev_ws/src/kobylecki_palczuk/install/paka/share/paka/package.sh'
[0.577s] INFO:colcon.colcon_core.shell:Creating package script '/home/mateusz/dev_ws/src/kobylecki_palczuk/install/paka/share/paka/package.bash'
[0.578s] INFO:colcon.colcon_core.shell:Creating package script '/home/mateusz/dev_ws/src/kobylecki_palczuk/install/paka/share/paka/package.zsh'
[0.579s] Level 1:colcon.colcon_core.environment:create_file_with_runtime_dependencies(/home/mateusz/dev_ws/src/kobylecki_palczuk/install/paka/share/colcon-core/packages/paka)
[0.579s] DEBUG:colcon.colcon_parallel_executor.executor.parallel:closing loop
[0.579s] DEBUG:colcon.colcon_parallel_executor.executor.parallel:loop closed
[0.580s] DEBUG:colcon.colcon_parallel_executor.executor.parallel:run_until_complete finished with '0'
[0.580s] DEBUG:colcon.colcon_core.event_reactor:joining thread
[0.584s] INFO:colcon.colcon_core.plugin_system:Skipping extension 'colcon_notification.desktop_notification.terminal_notifier': Not used on non-Darwin systems
[0.585s] INFO:colcon.colcon_core.plugin_system:Skipping extension 'colcon_notification.desktop_notification.win32': Not used on non-Windows systems
[0.585s] INFO:colcon.colcon_notification.desktop_notification:Sending desktop notification using 'notify2'
[0.600s] DEBUG:colcon.colcon_core.event_reactor:joined thread
[0.600s] INFO:colcon.colcon_core.shell:Creating prefix script '/home/mateusz/dev_ws/src/kobylecki_palczuk/install/local_setup.ps1'
[0.601s] INFO:colcon.colcon_core.shell:Creating prefix util module '/home/mateusz/dev_ws/src/kobylecki_palczuk/install/_local_setup_util_ps1.py'
[0.602s] INFO:colcon.colcon_core.shell:Creating prefix chain script '/home/mateusz/dev_ws/src/kobylecki_palczuk/install/setup.ps1'
[0.605s] INFO:colcon.colcon_core.shell:Creating prefix script '/home/mateusz/dev_ws/src/kobylecki_palczuk/install/local_setup.sh'
[0.606s] INFO:colcon.colcon_core.shell:Creating prefix util module '/home/mateusz/dev_ws/src/kobylecki_palczuk/install/_local_setup_util_sh.py'
[0.606s] INFO:colcon.colcon_core.shell:Creating prefix chain script '/home/mateusz/dev_ws/src/kobylecki_palczuk/install/setup.sh'
[0.609s] INFO:colcon.colcon_core.shell:Creating prefix script '/home/mateusz/dev_ws/src/kobylecki_palczuk/install/local_setup.bash'
[0.610s] INFO:colcon.colcon_core.shell:Creating prefix chain script '/home/mateusz/dev_ws/src/kobylecki_palczuk/install/setup.bash'
[0.611s] INFO:colcon.colcon_core.shell:Creating prefix script '/home/mateusz/dev_ws/src/kobylecki_palczuk/install/local_setup.zsh'
[0.612s] INFO:colcon.colcon_core.shell:Creating prefix chain script '/home/mateusz/dev_ws/src/kobylecki_palczuk/install/setup.zsh'
