[0.385s] DEBUG:colcon:Command line arguments: ['/usr/bin/colcon', 'list', '-p', '--base-paths', '/home/mateusz/dev_ws/src/kobylecki_palczuk']
[0.385s] DEBUG:colcon:Parsed command line arguments: Namespace(base_paths=['/home/mateusz/dev_ws/src/kobylecki_palczuk'], build_base='build', ignore_user_meta=False, log_base=None, log_level=None, main=<bound method ListVerb.main of <colcon_package_information.verb.list.ListVerb object at 0x7fbbf55012e0>>, metas=['./colcon.meta'], names_only=False, packages_above=None, packages_above_and_dependencies=None, packages_above_depth=None, packages_end=None, packages_ignore=None, packages_ignore_regex=None, packages_select=None, packages_select_build_failed=False, packages_select_by_dep=None, packages_select_regex=None, packages_select_test_failures=False, packages_skip=None, packages_skip_build_finished=False, packages_skip_by_dep=None, packages_skip_regex=None, packages_skip_test_passed=False, packages_skip_up_to=None, packages_start=None, packages_up_to=None, packages_up_to_regex=None, paths=None, paths_only=True, topological_graph=False, topological_graph_density=False, topological_graph_dot=False, topological_graph_dot_cluster=False, topological_graph_dot_include_skipped=False, topological_graph_legend=False, topological_order=False, verb_extension=<colcon_package_information.verb.list.ListVerb object at 0x7fbbf55012e0>, verb_name='list', verb_parser=<colcon_defaults.argument_parser.defaults.DefaultArgumentsDecorator object at 0x7fbbf538b100>)
[0.406s] Level 1:colcon.colcon_core.package_discovery:discover_packages(colcon_meta) check parameters
[0.406s] Level 1:colcon.colcon_core.package_discovery:discover_packages(recursive) check parameters
[0.406s] Level 1:colcon.colcon_core.package_discovery:discover_packages(ignore) check parameters
[0.406s] Level 1:colcon.colcon_core.package_discovery:discover_packages(path) check parameters
[0.406s] Level 1:colcon.colcon_core.package_discovery:discover_packages(recursive) discover
[0.406s] INFO:colcon.colcon_core.package_discovery:Crawling recursively for packages in '/home/mateusz/dev_ws/src/kobylecki_palczuk'
[0.407s] Level 1:colcon.colcon_core.package_identification:_identify(/home/mateusz/dev_ws/src/kobylecki_palczuk) by extensions ['ignore', 'ignore_ament_install']
[0.409s] Level 1:colcon.colcon_core.package_identification:_identify(/home/mateusz/dev_ws/src/kobylecki_palczuk) by extension 'ignore'
[0.409s] Level 1:colcon.colcon_core.package_identification:_identify(/home/mateusz/dev_ws/src/kobylecki_palczuk) by extension 'ignore_ament_install'
[0.409s] Level 1:colcon.colcon_core.package_identification:_identify(/home/mateusz/dev_ws/src/kobylecki_palczuk) by extensions ['colcon_pkg']
[0.409s] Level 1:colcon.colcon_core.package_identification:_identify(/home/mateusz/dev_ws/src/kobylecki_palczuk) by extension 'colcon_pkg'
[0.410s] Level 1:colcon.colcon_core.package_identification:_identify(/home/mateusz/dev_ws/src/kobylecki_palczuk) by extensions ['colcon_meta']
[0.410s] Level 1:colcon.colcon_core.package_identification:_identify(/home/mateusz/dev_ws/src/kobylecki_palczuk) by extension 'colcon_meta'
[0.410s] Level 1:colcon.colcon_core.package_identification:_identify(/home/mateusz/dev_ws/src/kobylecki_palczuk) by extensions ['ros']
[0.410s] Level 1:colcon.colcon_core.package_identification:_identify(/home/mateusz/dev_ws/src/kobylecki_palczuk) by extension 'ros'
[0.421s] Level 1:colcon.colcon_core.package_identification:_identify(/home/mateusz/dev_ws/src/kobylecki_palczuk) by extensions ['cmake', 'python']
[0.421s] Level 1:colcon.colcon_core.package_identification:_identify(/home/mateusz/dev_ws/src/kobylecki_palczuk) by extension 'cmake'
[0.421s] Level 1:colcon.colcon_core.package_identification:_identify(/home/mateusz/dev_ws/src/kobylecki_palczuk) by extension 'python'
[0.421s] Level 1:colcon.colcon_core.package_identification:_identify(/home/mateusz/dev_ws/src/kobylecki_palczuk) by extensions ['python_setup_py']
[0.421s] Level 1:colcon.colcon_core.package_identification:_identify(/home/mateusz/dev_ws/src/kobylecki_palczuk) by extension 'python_setup_py'
[0.421s] Level 1:colcon.colcon_core.package_identification:_identify(/home/mateusz/dev_ws/src/kobylecki_palczuk/lab1) by extensions ['ignore', 'ignore_ament_install']
[0.421s] Level 1:colcon.colcon_core.package_identification:_identify(/home/mateusz/dev_ws/src/kobylecki_palczuk/lab1) by extension 'ignore'
[0.421s] Level 1:colcon.colcon_core.package_identification:_identify(/home/mateusz/dev_ws/src/kobylecki_palczuk/lab1) by extension 'ignore_ament_install'
[0.421s] Level 1:colcon.colcon_core.package_identification:_identify(/home/mateusz/dev_ws/src/kobylecki_palczuk/lab1) by extensions ['colcon_pkg']
[0.421s] Level 1:colcon.colcon_core.package_identification:_identify(/home/mateusz/dev_ws/src/kobylecki_palczuk/lab1) by extension 'colcon_pkg'
[0.421s] Level 1:colcon.colcon_core.package_identification:_identify(/home/mateusz/dev_ws/src/kobylecki_palczuk/lab1) by extensions ['colcon_meta']
[0.421s] Level 1:colcon.colcon_core.package_identification:_identify(/home/mateusz/dev_ws/src/kobylecki_palczuk/lab1) by extension 'colcon_meta'
[0.421s] Level 1:colcon.colcon_core.package_identification:_identify(/home/mateusz/dev_ws/src/kobylecki_palczuk/lab1) by extensions ['ros']
[0.421s] Level 1:colcon.colcon_core.package_identification:_identify(/home/mateusz/dev_ws/src/kobylecki_palczuk/lab1) by extension 'ros'
[0.424s] DEBUG:colcon.colcon_core.package_identification:Package '/home/mateusz/dev_ws/src/kobylecki_palczuk/lab1' with type 'ros.ament_python' and name 'lab1'
[0.424s] Level 1:colcon.colcon_core.package_identification:_identify(/home/mateusz/dev_ws/src/kobylecki_palczuk/lab2) by extensions ['ignore', 'ignore_ament_install']
[0.424s] Level 1:colcon.colcon_core.package_identification:_identify(/home/mateusz/dev_ws/src/kobylecki_palczuk/lab2) by extension 'ignore'
[0.424s] Level 1:colcon.colcon_core.package_identification:_identify(/home/mateusz/dev_ws/src/kobylecki_palczuk/lab2) by extension 'ignore_ament_install'
[0.424s] Level 1:colcon.colcon_core.package_identification:_identify(/home/mateusz/dev_ws/src/kobylecki_palczuk/lab2) by extensions ['colcon_pkg']
[0.424s] Level 1:colcon.colcon_core.package_identification:_identify(/home/mateusz/dev_ws/src/kobylecki_palczuk/lab2) by extension 'colcon_pkg'
[0.424s] Level 1:colcon.colcon_core.package_identification:_identify(/home/mateusz/dev_ws/src/kobylecki_palczuk/lab2) by extensions ['colcon_meta']
[0.424s] Level 1:colcon.colcon_core.package_identification:_identify(/home/mateusz/dev_ws/src/kobylecki_palczuk/lab2) by extension 'colcon_meta'
[0.425s] Level 1:colcon.colcon_core.package_identification:_identify(/home/mateusz/dev_ws/src/kobylecki_palczuk/lab2) by extensions ['ros']
[0.425s] Level 1:colcon.colcon_core.package_identification:_identify(/home/mateusz/dev_ws/src/kobylecki_palczuk/lab2) by extension 'ros'
[0.425s] DEBUG:colcon.colcon_core.package_identification:Package '/home/mateusz/dev_ws/src/kobylecki_palczuk/lab2' with type 'ros.ament_python' and name 'lab2'
[0.425s] Level 1:colcon.colcon_core.package_identification:_identify(/home/mateusz/dev_ws/src/kobylecki_palczuk/lab3) by extensions ['ignore', 'ignore_ament_install']
[0.425s] Level 1:colcon.colcon_core.package_identification:_identify(/home/mateusz/dev_ws/src/kobylecki_palczuk/lab3) by extension 'ignore'
[0.425s] Level 1:colcon.colcon_core.package_identification:_identify(/home/mateusz/dev_ws/src/kobylecki_palczuk/lab3) by extension 'ignore_ament_install'
[0.425s] Level 1:colcon.colcon_core.package_identification:_identify(/home/mateusz/dev_ws/src/kobylecki_palczuk/lab3) by extensions ['colcon_pkg']
[0.425s] Level 1:colcon.colcon_core.package_identification:_identify(/home/mateusz/dev_ws/src/kobylecki_palczuk/lab3) by extension 'colcon_pkg'
[0.425s] Level 1:colcon.colcon_core.package_identification:_identify(/home/mateusz/dev_ws/src/kobylecki_palczuk/lab3) by extensions ['colcon_meta']
[0.426s] Level 1:colcon.colcon_core.package_identification:_identify(/home/mateusz/dev_ws/src/kobylecki_palczuk/lab3) by extension 'colcon_meta'
[0.426s] Level 1:colcon.colcon_core.package_identification:_identify(/home/mateusz/dev_ws/src/kobylecki_palczuk/lab3) by extensions ['ros']
[0.426s] Level 1:colcon.colcon_core.package_identification:_identify(/home/mateusz/dev_ws/src/kobylecki_palczuk/lab3) by extension 'ros'
[0.426s] DEBUG:colcon.colcon_core.package_identification:Package '/home/mateusz/dev_ws/src/kobylecki_palczuk/lab3' with type 'ros.ament_python' and name 'lab3'
[0.426s] Level 1:colcon.colcon_core.package_identification:_identify(/home/mateusz/dev_ws/src/kobylecki_palczuk/lab4) by extensions ['ignore', 'ignore_ament_install']
[0.426s] Level 1:colcon.colcon_core.package_identification:_identify(/home/mateusz/dev_ws/src/kobylecki_palczuk/lab4) by extension 'ignore'
[0.426s] Level 1:colcon.colcon_core.package_identification:_identify(/home/mateusz/dev_ws/src/kobylecki_palczuk/lab4) by extension 'ignore_ament_install'
[0.426s] Level 1:colcon.colcon_core.package_identification:_identify(/home/mateusz/dev_ws/src/kobylecki_palczuk/lab4) by extensions ['colcon_pkg']
[0.426s] Level 1:colcon.colcon_core.package_identification:_identify(/home/mateusz/dev_ws/src/kobylecki_palczuk/lab4) by extension 'colcon_pkg'
[0.427s] Level 1:colcon.colcon_core.package_identification:_identify(/home/mateusz/dev_ws/src/kobylecki_palczuk/lab4) by extensions ['colcon_meta']
[0.427s] Level 1:colcon.colcon_core.package_identification:_identify(/home/mateusz/dev_ws/src/kobylecki_palczuk/lab4) by extension 'colcon_meta'
[0.427s] Level 1:colcon.colcon_core.package_identification:_identify(/home/mateusz/dev_ws/src/kobylecki_palczuk/lab4) by extensions ['ros']
[0.427s] Level 1:colcon.colcon_core.package_identification:_identify(/home/mateusz/dev_ws/src/kobylecki_palczuk/lab4) by extension 'ros'
[0.427s] DEBUG:colcon.colcon_core.package_identification:Package '/home/mateusz/dev_ws/src/kobylecki_palczuk/lab4' with type 'ros.ament_python' and name 'lab4'
[0.427s] Level 1:colcon.colcon_core.package_identification:_identify(/home/mateusz/dev_ws/src/kobylecki_palczuk/lab4_srv) by extensions ['ignore', 'ignore_ament_install']
[0.427s] Level 1:colcon.colcon_core.package_identification:_identify(/home/mateusz/dev_ws/src/kobylecki_palczuk/lab4_srv) by extension 'ignore'
[0.427s] Level 1:colcon.colcon_core.package_identification:_identify(/home/mateusz/dev_ws/src/kobylecki_palczuk/lab4_srv) by extension 'ignore_ament_install'
[0.427s] Level 1:colcon.colcon_core.package_identification:_identify(/home/mateusz/dev_ws/src/kobylecki_palczuk/lab4_srv) by extensions ['colcon_pkg']
[0.427s] Level 1:colcon.colcon_core.package_identification:_identify(/home/mateusz/dev_ws/src/kobylecki_palczuk/lab4_srv) by extension 'colcon_pkg'
[0.427s] Level 1:colcon.colcon_core.package_identification:_identify(/home/mateusz/dev_ws/src/kobylecki_palczuk/lab4_srv) by extensions ['colcon_meta']
[0.427s] Level 1:colcon.colcon_core.package_identification:_identify(/home/mateusz/dev_ws/src/kobylecki_palczuk/lab4_srv) by extension 'colcon_meta'
[0.428s] Level 1:colcon.colcon_core.package_identification:_identify(/home/mateusz/dev_ws/src/kobylecki_palczuk/lab4_srv) by extensions ['ros']
[0.428s] Level 1:colcon.colcon_core.package_identification:_identify(/home/mateusz/dev_ws/src/kobylecki_palczuk/lab4_srv) by extension 'ros'
[0.428s] DEBUG:colcon.colcon_core.package_identification:Package '/home/mateusz/dev_ws/src/kobylecki_palczuk/lab4_srv' with type 'ros.ament_cmake' and name 'lab4_srv'
[0.428s] Level 1:colcon.colcon_core.package_identification:_identify(/home/mateusz/dev_ws/src/kobylecki_palczuk/lab5) by extensions ['ignore', 'ignore_ament_install']
[0.428s] Level 1:colcon.colcon_core.package_identification:_identify(/home/mateusz/dev_ws/src/kobylecki_palczuk/lab5) by extension 'ignore'
[0.428s] Level 1:colcon.colcon_core.package_identification:_identify(/home/mateusz/dev_ws/src/kobylecki_palczuk/lab5) by extension 'ignore_ament_install'
[0.428s] Level 1:colcon.colcon_core.package_identification:_identify(/home/mateusz/dev_ws/src/kobylecki_palczuk/lab5) by extensions ['colcon_pkg']
[0.428s] Level 1:colcon.colcon_core.package_identification:_identify(/home/mateusz/dev_ws/src/kobylecki_palczuk/lab5) by extension 'colcon_pkg'
[0.428s] Level 1:colcon.colcon_core.package_identification:_identify(/home/mateusz/dev_ws/src/kobylecki_palczuk/lab5) by extensions ['colcon_meta']
[0.428s] Level 1:colcon.colcon_core.package_identification:_identify(/home/mateusz/dev_ws/src/kobylecki_palczuk/lab5) by extension 'colcon_meta'
[0.428s] Level 1:colcon.colcon_core.package_identification:_identify(/home/mateusz/dev_ws/src/kobylecki_palczuk/lab5) by extensions ['ros']
[0.428s] Level 1:colcon.colcon_core.package_identification:_identify(/home/mateusz/dev_ws/src/kobylecki_palczuk/lab5) by extension 'ros'
[0.429s] DEBUG:colcon.colcon_core.package_identification:Package '/home/mateusz/dev_ws/src/kobylecki_palczuk/lab5' with type 'ros.ament_python' and name 'lab5'
[0.429s] Level 1:colcon.colcon_core.package_identification:_identify(/home/mateusz/dev_ws/src/kobylecki_palczuk/lab5_srv) by extensions ['ignore', 'ignore_ament_install']
[0.429s] Level 1:colcon.colcon_core.package_identification:_identify(/home/mateusz/dev_ws/src/kobylecki_palczuk/lab5_srv) by extension 'ignore'
[0.429s] Level 1:colcon.colcon_core.package_identification:_identify(/home/mateusz/dev_ws/src/kobylecki_palczuk/lab5_srv) by extension 'ignore_ament_install'
[0.429s] Level 1:colcon.colcon_core.package_identification:_identify(/home/mateusz/dev_ws/src/kobylecki_palczuk/lab5_srv) by extensions ['colcon_pkg']
[0.429s] Level 1:colcon.colcon_core.package_identification:_identify(/home/mateusz/dev_ws/src/kobylecki_palczuk/lab5_srv) by extension 'colcon_pkg'
[0.429s] Level 1:colcon.colcon_core.package_identification:_identify(/home/mateusz/dev_ws/src/kobylecki_palczuk/lab5_srv) by extensions ['colcon_meta']
[0.429s] Level 1:colcon.colcon_core.package_identification:_identify(/home/mateusz/dev_ws/src/kobylecki_palczuk/lab5_srv) by extension 'colcon_meta'
[0.429s] Level 1:colcon.colcon_core.package_identification:_identify(/home/mateusz/dev_ws/src/kobylecki_palczuk/lab5_srv) by extensions ['ros']
[0.429s] Level 1:colcon.colcon_core.package_identification:_identify(/home/mateusz/dev_ws/src/kobylecki_palczuk/lab5_srv) by extension 'ros'
[0.430s] DEBUG:colcon.colcon_core.package_identification:Package '/home/mateusz/dev_ws/src/kobylecki_palczuk/lab5_srv' with type 'ros.ament_cmake' and name 'lab5_srv'
[0.430s] Level 1:colcon.colcon_core.package_identification:_identify(/home/mateusz/dev_ws/src/kobylecki_palczuk/log) by extensions ['ignore', 'ignore_ament_install']
[0.430s] Level 1:colcon.colcon_core.package_identification:_identify(/home/mateusz/dev_ws/src/kobylecki_palczuk/log) by extension 'ignore'
[0.430s] Level 1:colcon.colcon_core.package_identification:_identify(/home/mateusz/dev_ws/src/kobylecki_palczuk/log) ignored
[0.430s] Level 1:colcon.colcon_core.package_discovery:discover_packages(recursive) using defaults
