running egg_info
creating ../build/paka/paka.egg-info
writing ../build/paka/paka.egg-info/PKG-INFO
writing dependency_links to ../build/paka/paka.egg-info/dependency_links.txt
writing entry points to ../build/paka/paka.egg-info/entry_points.txt
writing requirements to ../build/paka/paka.egg-info/requires.txt
writing top-level names to ../build/paka/paka.egg-info/top_level.txt
writing manifest file '../build/paka/paka.egg-info/SOURCES.txt'
reading manifest file '../build/paka/paka.egg-info/SOURCES.txt'
writing manifest file '../build/paka/paka.egg-info/SOURCES.txt'
running build
running build_py
creating /home/tkobylecki/dev_ws/src/kobylecki_palczuk/build/paka/build
creating /home/tkobylecki/dev_ws/src/kobylecki_palczuk/build/paka/build/lib
creating /home/tkobylecki/dev_ws/src/kobylecki_palczuk/build/paka/build/lib/paka
copying paka/__init__.py -> /home/tkobylecki/dev_ws/src/kobylecki_palczuk/build/paka/build/lib/paka
copying paka/wezel1.py -> /home/tkobylecki/dev_ws/src/kobylecki_palczuk/build/paka/build/lib/paka
copying paka/launch.py -> /home/tkobylecki/dev_ws/src/kobylecki_palczuk/build/paka/build/lib/paka
running install
running install_lib
creating /home/tkobylecki/dev_ws/src/kobylecki_palczuk/install/paka/lib/python3.8/site-packages/paka
copying /home/tkobylecki/dev_ws/src/kobylecki_palczuk/build/paka/build/lib/paka/__init__.py -> /home/tkobylecki/dev_ws/src/kobylecki_palczuk/install/paka/lib/python3.8/site-packages/paka
copying /home/tkobylecki/dev_ws/src/kobylecki_palczuk/build/paka/build/lib/paka/wezel1.py -> /home/tkobylecki/dev_ws/src/kobylecki_palczuk/install/paka/lib/python3.8/site-packages/paka
copying /home/tkobylecki/dev_ws/src/kobylecki_palczuk/build/paka/build/lib/paka/launch.py -> /home/tkobylecki/dev_ws/src/kobylecki_palczuk/install/paka/lib/python3.8/site-packages/paka
byte-compiling /home/tkobylecki/dev_ws/src/kobylecki_palczuk/install/paka/lib/python3.8/site-packages/paka/__init__.py to __init__.cpython-38.pyc
byte-compiling /home/tkobylecki/dev_ws/src/kobylecki_palczuk/install/paka/lib/python3.8/site-packages/paka/wezel1.py to wezel1.cpython-38.pyc
byte-compiling /home/tkobylecki/dev_ws/src/kobylecki_palczuk/install/paka/lib/python3.8/site-packages/paka/launch.py to launch.cpython-38.pyc
running install_data
creating /home/tkobylecki/dev_ws/src/kobylecki_palczuk/install/paka/share/ament_index
creating /home/tkobylecki/dev_ws/src/kobylecki_palczuk/install/paka/share/ament_index/resource_index
creating /home/tkobylecki/dev_ws/src/kobylecki_palczuk/install/paka/share/ament_index/resource_index/packages
copying resource/paka -> /home/tkobylecki/dev_ws/src/kobylecki_palczuk/install/paka/share/ament_index/resource_index/packages
copying package.xml -> /home/tkobylecki/dev_ws/src/kobylecki_palczuk/install/paka/share/paka
running install_egg_info
Copying ../build/paka/paka.egg-info to /home/tkobylecki/dev_ws/src/kobylecki_palczuk/install/paka/lib/python3.8/site-packages/paka-0.0.0-py3.8.egg-info
running install_scripts
Installing wezel1 script to /home/tkobylecki/dev_ws/src/kobylecki_palczuk/install/paka/lib/paka
writing list of installed files to '/home/tkobylecki/dev_ws/src/kobylecki_palczuk/build/paka/install.log'
