[0.630s] Invoking command in '/home/tkobylecki/dev_ws/src/kobylecki_palczuk/paka': PYTHONPATH=/home/tkobylecki/dev_ws/src/kobylecki_palczuk/install/paka/lib/python3.8/site-packages:${PYTHONPATH} /usr/bin/python3 setup.py egg_info --egg-base ../build/paka build --build-base /home/tkobylecki/dev_ws/src/kobylecki_palczuk/build/paka/build install --prefix /home/tkobylecki/dev_ws/src/kobylecki_palczuk/install/paka --record /home/tkobylecki/dev_ws/src/kobylecki_palczuk/build/paka/install.log --single-version-externally-managed
[1.184s] running egg_info
[1.187s] creating ../build/paka/paka.egg-info
[1.188s] writing ../build/paka/paka.egg-info/PKG-INFO
[1.193s] writing dependency_links to ../build/paka/paka.egg-info/dependency_links.txt
[1.194s] writing entry points to ../build/paka/paka.egg-info/entry_points.txt
[1.195s] writing requirements to ../build/paka/paka.egg-info/requires.txt
[1.195s] writing top-level names to ../build/paka/paka.egg-info/top_level.txt
[1.200s] writing manifest file '../build/paka/paka.egg-info/SOURCES.txt'
[1.324s] reading manifest file '../build/paka/paka.egg-info/SOURCES.txt'
[1.334s] writing manifest file '../build/paka/paka.egg-info/SOURCES.txt'
[1.337s] running build
[1.339s] running build_py
[1.341s] creating /home/tkobylecki/dev_ws/src/kobylecki_palczuk/build/paka/build
[1.343s] creating /home/tkobylecki/dev_ws/src/kobylecki_palczuk/build/paka/build/lib
[1.344s] creating /home/tkobylecki/dev_ws/src/kobylecki_palczuk/build/paka/build/lib/paka
[1.345s] copying paka/__init__.py -> /home/tkobylecki/dev_ws/src/kobylecki_palczuk/build/paka/build/lib/paka
[1.347s] copying paka/wezel1.py -> /home/tkobylecki/dev_ws/src/kobylecki_palczuk/build/paka/build/lib/paka
[1.349s] copying paka/launch.py -> /home/tkobylecki/dev_ws/src/kobylecki_palczuk/build/paka/build/lib/paka
[1.353s] running install
[1.359s] running install_lib
[1.364s] creating /home/tkobylecki/dev_ws/src/kobylecki_palczuk/install/paka/lib/python3.8/site-packages/paka
[1.364s] copying /home/tkobylecki/dev_ws/src/kobylecki_palczuk/build/paka/build/lib/paka/__init__.py -> /home/tkobylecki/dev_ws/src/kobylecki_palczuk/install/paka/lib/python3.8/site-packages/paka
[1.366s] copying /home/tkobylecki/dev_ws/src/kobylecki_palczuk/build/paka/build/lib/paka/wezel1.py -> /home/tkobylecki/dev_ws/src/kobylecki_palczuk/install/paka/lib/python3.8/site-packages/paka
[1.369s] copying /home/tkobylecki/dev_ws/src/kobylecki_palczuk/build/paka/build/lib/paka/launch.py -> /home/tkobylecki/dev_ws/src/kobylecki_palczuk/install/paka/lib/python3.8/site-packages/paka
[1.371s] byte-compiling /home/tkobylecki/dev_ws/src/kobylecki_palczuk/install/paka/lib/python3.8/site-packages/paka/__init__.py to __init__.cpython-38.pyc
[1.379s] byte-compiling /home/tkobylecki/dev_ws/src/kobylecki_palczuk/install/paka/lib/python3.8/site-packages/paka/wezel1.py to wezel1.cpython-38.pyc
[1.382s] byte-compiling /home/tkobylecki/dev_ws/src/kobylecki_palczuk/install/paka/lib/python3.8/site-packages/paka/launch.py to launch.cpython-38.pyc
[1.385s] running install_data
[1.387s] creating /home/tkobylecki/dev_ws/src/kobylecki_palczuk/install/paka/share/ament_index
[1.387s] creating /home/tkobylecki/dev_ws/src/kobylecki_palczuk/install/paka/share/ament_index/resource_index
[1.388s] creating /home/tkobylecki/dev_ws/src/kobylecki_palczuk/install/paka/share/ament_index/resource_index/packages
[1.392s] copying resource/paka -> /home/tkobylecki/dev_ws/src/kobylecki_palczuk/install/paka/share/ament_index/resource_index/packages
[1.393s] copying package.xml -> /home/tkobylecki/dev_ws/src/kobylecki_palczuk/install/paka/share/paka
[1.397s] running install_egg_info
[1.403s] Copying ../build/paka/paka.egg-info to /home/tkobylecki/dev_ws/src/kobylecki_palczuk/install/paka/lib/python3.8/site-packages/paka-0.0.0-py3.8.egg-info
[1.411s] running install_scripts
[1.489s] Installing wezel1 script to /home/tkobylecki/dev_ws/src/kobylecki_palczuk/install/paka/lib/paka
[1.492s] writing list of installed files to '/home/tkobylecki/dev_ws/src/kobylecki_palczuk/build/paka/install.log'
[1.551s] Invoked command in '/home/tkobylecki/dev_ws/src/kobylecki_palczuk/paka' returned '0': PYTHONPATH=/home/tkobylecki/dev_ws/src/kobylecki_palczuk/install/paka/lib/python3.8/site-packages:${PYTHONPATH} /usr/bin/python3 setup.py egg_info --egg-base ../build/paka build --build-base /home/tkobylecki/dev_ws/src/kobylecki_palczuk/build/paka/build install --prefix /home/tkobylecki/dev_ws/src/kobylecki_palczuk/install/paka --record /home/tkobylecki/dev_ws/src/kobylecki_palczuk/build/paka/install.log --single-version-externally-managed
