[0.389s] DEBUG:colcon:Command line arguments: ['/usr/bin/colcon', 'build']
[0.389s] DEBUG:colcon:Parsed command line arguments: Namespace(ament_cmake_args=None, base_paths=['.'], build_base='build', catkin_cmake_args=None, catkin_skip_building_tests=False, cmake_args=None, cmake_clean_cache=False, cmake_clean_first=False, cmake_force_configure=False, cmake_target=None, cmake_target_skip_unavailable=False, continue_on_error=False, event_handlers=None, executor='parallel', ignore_user_meta=False, install_base='install', log_base=None, log_level=None, main=<bound method BuildVerb.main of <colcon_core.verb.build.BuildVerb object at 0x7f9e10ec4100>>, merge_install=False, metas=['./colcon.meta'], packages_above=None, packages_above_and_dependencies=None, packages_above_depth=None, packages_end=None, packages_ignore=None, packages_ignore_regex=None, packages_select=None, packages_select_build_failed=False, packages_select_by_dep=None, packages_select_regex=None, packages_select_test_failures=False, packages_skip=None, packages_skip_build_finished=False, packages_skip_by_dep=None, packages_skip_regex=None, packages_skip_test_passed=False, packages_skip_up_to=None, packages_start=None, packages_up_to=None, packages_up_to_regex=None, parallel_workers=1, paths=None, symlink_install=False, test_result_base=None, verb_extension=<colcon_core.verb.build.BuildVerb object at 0x7f9e10ec4100>, verb_name='build', verb_parser=<colcon_defaults.argument_parser.defaults.DefaultArgumentsDecorator object at 0x7f9e10ec4640>)
[0.399s] Level 1:colcon.colcon_core.package_discovery:discover_packages(colcon_meta) check parameters
[0.400s] Level 1:colcon.colcon_core.package_discovery:discover_packages(recursive) check parameters
[0.400s] Level 1:colcon.colcon_core.package_discovery:discover_packages(ignore) check parameters
[0.400s] Level 1:colcon.colcon_core.package_discovery:discover_packages(path) check parameters
[0.400s] Level 1:colcon.colcon_core.package_discovery:discover_packages(colcon_meta) discover
[0.400s] Level 1:colcon.colcon_core.package_discovery:discover_packages(recursive) discover
[0.400s] INFO:colcon.colcon_core.package_discovery:Crawling recursively for packages in '/home/tkobylecki/dev_ws/src/kobylecki_palczuk'
[0.400s] Level 1:colcon.colcon_core.package_identification:_identify(.) by extensions ['ignore', 'ignore_ament_install']
[0.400s] Level 1:colcon.colcon_core.package_identification:_identify(.) by extension 'ignore'
[0.401s] Level 1:colcon.colcon_core.package_identification:_identify(.) by extension 'ignore_ament_install'
[0.401s] Level 1:colcon.colcon_core.package_identification:_identify(.) by extensions ['colcon_pkg']
[0.401s] Level 1:colcon.colcon_core.package_identification:_identify(.) by extension 'colcon_pkg'
[0.401s] Level 1:colcon.colcon_core.package_identification:_identify(.) by extensions ['colcon_meta']
[0.401s] Level 1:colcon.colcon_core.package_identification:_identify(.) by extension 'colcon_meta'
[0.401s] Level 1:colcon.colcon_core.package_identification:_identify(.) by extensions ['ros']
[0.401s] Level 1:colcon.colcon_core.package_identification:_identify(.) by extension 'ros'
[0.426s] Level 1:colcon.colcon_core.package_identification:_identify(.) by extensions ['cmake', 'python']
[0.426s] Level 1:colcon.colcon_core.package_identification:_identify(.) by extension 'cmake'
[0.426s] Level 1:colcon.colcon_core.package_identification:_identify(.) by extension 'python'
[0.427s] Level 1:colcon.colcon_core.package_identification:_identify(.) by extensions ['python_setup_py']
[0.427s] Level 1:colcon.colcon_core.package_identification:_identify(.) by extension 'python_setup_py'
[0.427s] Level 1:colcon.colcon_core.package_identification:_identify(build) by extensions ['ignore', 'ignore_ament_install']
[0.427s] Level 1:colcon.colcon_core.package_identification:_identify(build) by extension 'ignore'
[0.427s] Level 1:colcon.colcon_core.package_identification:_identify(build) ignored
[0.427s] Level 1:colcon.colcon_core.package_identification:_identify(install) by extensions ['ignore', 'ignore_ament_install']
[0.428s] Level 1:colcon.colcon_core.package_identification:_identify(install) by extension 'ignore'
[0.428s] Level 1:colcon.colcon_core.package_identification:_identify(install) ignored
[0.428s] Level 1:colcon.colcon_core.package_identification:_identify(log) by extensions ['ignore', 'ignore_ament_install']
[0.428s] Level 1:colcon.colcon_core.package_identification:_identify(log) by extension 'ignore'
[0.428s] Level 1:colcon.colcon_core.package_identification:_identify(log) ignored
[0.428s] Level 1:colcon.colcon_core.package_identification:_identify(paka) by extensions ['ignore', 'ignore_ament_install']
[0.428s] Level 1:colcon.colcon_core.package_identification:_identify(paka) by extension 'ignore'
[0.428s] Level 1:colcon.colcon_core.package_identification:_identify(paka) by extension 'ignore_ament_install'
[0.429s] Level 1:colcon.colcon_core.package_identification:_identify(paka) by extensions ['colcon_pkg']
[0.429s] Level 1:colcon.colcon_core.package_identification:_identify(paka) by extension 'colcon_pkg'
[0.429s] Level 1:colcon.colcon_core.package_identification:_identify(paka) by extensions ['colcon_meta']
[0.429s] Level 1:colcon.colcon_core.package_identification:_identify(paka) by extension 'colcon_meta'
[0.429s] Level 1:colcon.colcon_core.package_identification:_identify(paka) by extensions ['ros']
[0.429s] Level 1:colcon.colcon_core.package_identification:_identify(paka) by extension 'ros'
[0.434s] DEBUG:colcon.colcon_core.package_identification:Package 'paka' with type 'ros.ament_python' and name 'paka'
[0.434s] Level 1:colcon.colcon_core.package_discovery:discover_packages(recursive) using defaults
[0.434s] Level 1:colcon.colcon_core.package_discovery:discover_packages(ignore) discover
[0.434s] Level 1:colcon.colcon_core.package_discovery:discover_packages(ignore) using defaults
[0.434s] Level 1:colcon.colcon_core.package_discovery:discover_packages(path) discover
[0.434s] Level 1:colcon.colcon_core.package_discovery:discover_packages(path) using defaults
[0.480s] Level 5:colcon.colcon_core.verb:set package 'paka' build argument 'cmake_args' from command line to 'None'
[0.480s] Level 5:colcon.colcon_core.verb:set package 'paka' build argument 'cmake_target' from command line to 'None'
[0.480s] Level 5:colcon.colcon_core.verb:set package 'paka' build argument 'cmake_target_skip_unavailable' from command line to 'False'
[0.480s] Level 5:colcon.colcon_core.verb:set package 'paka' build argument 'cmake_clean_cache' from command line to 'False'
[0.480s] Level 5:colcon.colcon_core.verb:set package 'paka' build argument 'cmake_clean_first' from command line to 'False'
[0.480s] Level 5:colcon.colcon_core.verb:set package 'paka' build argument 'cmake_force_configure' from command line to 'False'
[0.480s] Level 5:colcon.colcon_core.verb:set package 'paka' build argument 'ament_cmake_args' from command line to 'None'
[0.480s] Level 5:colcon.colcon_core.verb:set package 'paka' build argument 'catkin_cmake_args' from command line to 'None'
[0.480s] Level 5:colcon.colcon_core.verb:set package 'paka' build argument 'catkin_skip_building_tests' from command line to 'False'
[0.480s] DEBUG:colcon.colcon_core.verb:Building package 'paka' with the following arguments: {'ament_cmake_args': None, 'build_base': '/home/tkobylecki/dev_ws/src/kobylecki_palczuk/build/paka', 'catkin_cmake_args': None, 'catkin_skip_building_tests': False, 'cmake_args': None, 'cmake_clean_cache': False, 'cmake_clean_first': False, 'cmake_force_configure': False, 'cmake_target': None, 'cmake_target_skip_unavailable': False, 'install_base': '/home/tkobylecki/dev_ws/src/kobylecki_palczuk/install/paka', 'merge_install': False, 'path': '/home/tkobylecki/dev_ws/src/kobylecki_palczuk/paka', 'symlink_install': False, 'test_result_base': None}
[0.481s] INFO:colcon.colcon_core.executor:Executing jobs using 'parallel' executor
[0.484s] DEBUG:colcon.colcon_parallel_executor.executor.parallel:run_until_complete
[0.485s] INFO:colcon.colcon_ros.task.ament_python.build:Building ROS package in '/home/tkobylecki/dev_ws/src/kobylecki_palczuk/paka' with build type 'ament_python'
[0.485s] Level 1:colcon.colcon_core.shell:create_environment_hook('paka', 'ament_prefix_path')
[0.495s] INFO:colcon.colcon_core.plugin_system:Skipping extension 'colcon_core.shell.bat': Not used on non-Windows systems
[0.495s] INFO:colcon.colcon_core.shell:Creating environment hook '/home/tkobylecki/dev_ws/src/kobylecki_palczuk/install/paka/share/paka/hook/ament_prefix_path.ps1'
[0.499s] INFO:colcon.colcon_core.shell:Creating environment descriptor '/home/tkobylecki/dev_ws/src/kobylecki_palczuk/install/paka/share/paka/hook/ament_prefix_path.dsv'
[0.500s] INFO:colcon.colcon_core.shell:Creating environment hook '/home/tkobylecki/dev_ws/src/kobylecki_palczuk/install/paka/share/paka/hook/ament_prefix_path.sh'
[0.502s] INFO:colcon.colcon_core.shell:Skip shell extension 'powershell' for command environment: Not usable outside of PowerShell
[0.502s] DEBUG:colcon.colcon_core.shell:Skip shell extension 'dsv' for command environment
[0.508s] DEBUG:colcon.colcon_core.shell:Ignoring prefix path '/opt/ros/foxy'
[1.104s] INFO:colcon.colcon_core.task.python.build:Building Python package in '/home/tkobylecki/dev_ws/src/kobylecki_palczuk/paka'
[1.106s] INFO:colcon.colcon_core.shell:Skip shell extension 'powershell' for command environment: Not usable outside of PowerShell
[1.106s] DEBUG:colcon.colcon_core.shell:Skip shell extension 'dsv' for command environment
[1.110s] DEBUG:colcon.colcon_core.shell:Ignoring prefix path '/opt/ros/foxy'
[1.130s] DEBUG:colcon.colcon_core.event_handler.log_command:Invoking command in '/home/tkobylecki/dev_ws/src/kobylecki_palczuk/paka': PYTHONPATH=/home/tkobylecki/dev_ws/src/kobylecki_palczuk/install/paka/lib/python3.8/site-packages:${PYTHONPATH} /usr/bin/python3 setup.py egg_info --egg-base ../build/paka build --build-base /home/tkobylecki/dev_ws/src/kobylecki_palczuk/build/paka/build install --prefix /home/tkobylecki/dev_ws/src/kobylecki_palczuk/install/paka --record /home/tkobylecki/dev_ws/src/kobylecki_palczuk/build/paka/install.log --single-version-externally-managed
[2.050s] DEBUG:colcon.colcon_core.event_handler.log_command:Invoked command in '/home/tkobylecki/dev_ws/src/kobylecki_palczuk/paka' returned '0': PYTHONPATH=/home/tkobylecki/dev_ws/src/kobylecki_palczuk/install/paka/lib/python3.8/site-packages:${PYTHONPATH} /usr/bin/python3 setup.py egg_info --egg-base ../build/paka build --build-base /home/tkobylecki/dev_ws/src/kobylecki_palczuk/build/paka/build install --prefix /home/tkobylecki/dev_ws/src/kobylecki_palczuk/install/paka --record /home/tkobylecki/dev_ws/src/kobylecki_palczuk/build/paka/install.log --single-version-externally-managed
[2.051s] Level 1:colcon.colcon_core.environment:checking '/home/tkobylecki/dev_ws/src/kobylecki_palczuk/install/paka' for CMake module files
[2.053s] Level 1:colcon.colcon_core.environment:checking '/home/tkobylecki/dev_ws/src/kobylecki_palczuk/install/paka' for CMake config files
[2.054s] Level 1:colcon.colcon_core.environment:checking '/home/tkobylecki/dev_ws/src/kobylecki_palczuk/install/paka/lib'
[2.054s] Level 1:colcon.colcon_core.environment:checking '/home/tkobylecki/dev_ws/src/kobylecki_palczuk/install/paka/bin'
[2.054s] Level 1:colcon.colcon_core.environment:checking '/home/tkobylecki/dev_ws/src/kobylecki_palczuk/install/paka/lib/pkgconfig/paka.pc'
[2.055s] Level 1:colcon.colcon_core.environment:checking '/home/tkobylecki/dev_ws/src/kobylecki_palczuk/install/paka/lib/python3.8/site-packages'
[2.055s] Level 1:colcon.colcon_core.shell:create_environment_hook('paka', 'pythonpath')
[2.056s] INFO:colcon.colcon_core.shell:Creating environment hook '/home/tkobylecki/dev_ws/src/kobylecki_palczuk/install/paka/share/paka/hook/pythonpath.ps1'
[2.057s] INFO:colcon.colcon_core.shell:Creating environment descriptor '/home/tkobylecki/dev_ws/src/kobylecki_palczuk/install/paka/share/paka/hook/pythonpath.dsv'
[2.058s] INFO:colcon.colcon_core.shell:Creating environment hook '/home/tkobylecki/dev_ws/src/kobylecki_palczuk/install/paka/share/paka/hook/pythonpath.sh'
[2.059s] Level 1:colcon.colcon_core.environment:create_environment_scripts_only(paka)
[2.060s] INFO:colcon.colcon_core.shell:Creating package script '/home/tkobylecki/dev_ws/src/kobylecki_palczuk/install/paka/share/paka/package.ps1'
[2.062s] INFO:colcon.colcon_core.shell:Creating package descriptor '/home/tkobylecki/dev_ws/src/kobylecki_palczuk/install/paka/share/paka/package.dsv'
[2.063s] INFO:colcon.colcon_core.shell:Creating package script '/home/tkobylecki/dev_ws/src/kobylecki_palczuk/install/paka/share/paka/package.sh'
[2.065s] INFO:colcon.colcon_core.shell:Creating package script '/home/tkobylecki/dev_ws/src/kobylecki_palczuk/install/paka/share/paka/package.bash'
[2.066s] INFO:colcon.colcon_core.shell:Creating package script '/home/tkobylecki/dev_ws/src/kobylecki_palczuk/install/paka/share/paka/package.zsh'
[2.068s] Level 1:colcon.colcon_core.environment:create_file_with_runtime_dependencies(/home/tkobylecki/dev_ws/src/kobylecki_palczuk/install/paka/share/colcon-core/packages/paka)
[2.070s] DEBUG:colcon.colcon_parallel_executor.executor.parallel:closing loop
[2.070s] DEBUG:colcon.colcon_parallel_executor.executor.parallel:loop closed
[2.070s] DEBUG:colcon.colcon_parallel_executor.executor.parallel:run_until_complete finished with '0'
[2.070s] DEBUG:colcon.colcon_core.event_reactor:joining thread
[2.086s] INFO:colcon.colcon_core.plugin_system:Skipping extension 'colcon_notification.desktop_notification.terminal_notifier': Not used on non-Darwin systems
[2.089s] INFO:colcon.colcon_core.plugin_system:Skipping extension 'colcon_notification.desktop_notification.win32': Not used on non-Windows systems
[2.089s] INFO:colcon.colcon_notification.desktop_notification:Sending desktop notification using 'notify2'
[2.177s] DEBUG:colcon.colcon_core.event_reactor:joined thread
[2.178s] INFO:colcon.colcon_core.shell:Creating prefix script '/home/tkobylecki/dev_ws/src/kobylecki_palczuk/install/local_setup.ps1'
[2.184s] INFO:colcon.colcon_core.shell:Creating prefix util module '/home/tkobylecki/dev_ws/src/kobylecki_palczuk/install/_local_setup_util_ps1.py'
[2.190s] INFO:colcon.colcon_core.shell:Creating prefix chain script '/home/tkobylecki/dev_ws/src/kobylecki_palczuk/install/setup.ps1'
[2.204s] INFO:colcon.colcon_core.shell:Creating prefix script '/home/tkobylecki/dev_ws/src/kobylecki_palczuk/install/local_setup.sh'
[2.205s] INFO:colcon.colcon_core.shell:Creating prefix util module '/home/tkobylecki/dev_ws/src/kobylecki_palczuk/install/_local_setup_util_sh.py'
[2.206s] INFO:colcon.colcon_core.shell:Creating prefix chain script '/home/tkobylecki/dev_ws/src/kobylecki_palczuk/install/setup.sh'
[2.220s] INFO:colcon.colcon_core.shell:Creating prefix script '/home/tkobylecki/dev_ws/src/kobylecki_palczuk/install/local_setup.bash'
[2.221s] INFO:colcon.colcon_core.shell:Creating prefix chain script '/home/tkobylecki/dev_ws/src/kobylecki_palczuk/install/setup.bash'
[2.236s] INFO:colcon.colcon_core.shell:Creating prefix script '/home/tkobylecki/dev_ws/src/kobylecki_palczuk/install/local_setup.zsh'
[2.237s] INFO:colcon.colcon_core.shell:Creating prefix chain script '/home/tkobylecki/dev_ws/src/kobylecki_palczuk/install/setup.zsh'
