[0.167s] Invoking command in '/home/mateusz/dev_ws/src/kobylecki_palczuk/paka': PYTHONPATH=/home/mateusz/dev_ws/src/kobylecki_palczuk/install/paka/lib/python3.8/site-packages:${PYTHONPATH} /usr/bin/python3 setup.py egg_info --egg-base ../build/paka build --build-base /home/mateusz/dev_ws/src/kobylecki_palczuk/build/paka/build install --prefix /home/mateusz/dev_ws/src/kobylecki_palczuk/install/paka --record /home/mateusz/dev_ws/src/kobylecki_palczuk/build/paka/install.log --single-version-externally-managed
[0.342s] running egg_info
[0.342s] writing ../build/paka/paka.egg-info/PKG-INFO
[0.342s] writing dependency_links to ../build/paka/paka.egg-info/dependency_links.txt
[0.342s] writing entry points to ../build/paka/paka.egg-info/entry_points.txt
[0.343s] writing requirements to ../build/paka/paka.egg-info/requires.txt
[0.343s] writing top-level names to ../build/paka/paka.egg-info/top_level.txt
[0.367s] reading manifest file '../build/paka/paka.egg-info/SOURCES.txt'
[0.367s] writing manifest file '../build/paka/paka.egg-info/SOURCES.txt'
[0.368s] running build
[0.368s] running build_py
[0.368s] running install
[0.368s] running install_lib
[0.369s] running install_data
[0.369s] running install_egg_info
[0.371s] removing '/home/mateusz/dev_ws/src/kobylecki_palczuk/install/paka/lib/python3.8/site-packages/paka-0.0.0-py3.8.egg-info' (and everything under it)
[0.371s] Copying ../build/paka/paka.egg-info to /home/mateusz/dev_ws/src/kobylecki_palczuk/install/paka/lib/python3.8/site-packages/paka-0.0.0-py3.8.egg-info
[0.371s] running install_scripts
[0.383s] Installing wezel1 script to /home/mateusz/dev_ws/src/kobylecki_palczuk/install/paka/lib/paka
[0.383s] writing list of installed files to '/home/mateusz/dev_ws/src/kobylecki_palczuk/build/paka/install.log'
[0.399s] Invoked command in '/home/mateusz/dev_ws/src/kobylecki_palczuk/paka' returned '0': PYTHONPATH=/home/mateusz/dev_ws/src/kobylecki_palczuk/install/paka/lib/python3.8/site-packages:${PYTHONPATH} /usr/bin/python3 setup.py egg_info --egg-base ../build/paka build --build-base /home/mateusz/dev_ws/src/kobylecki_palczuk/build/paka/build install --prefix /home/mateusz/dev_ws/src/kobylecki_palczuk/install/paka --record /home/mateusz/dev_ws/src/kobylecki_palczuk/build/paka/install.log --single-version-externally-managed
